<?xml version="1.0" encoding="UTF-8"?>
<!-- Generated by org.testng.reporters.JUnitReportReporter -->
<testsuite hostname="DESKTOP-PTMO5IP" name="script.AddUser" tests="7" failures="0" timestamp="15 Apr 2017 05:09:38 GMT" time="33.442" errors="0">
  <testcase name="login" time="4.363" classname="script.AddUser"/>
  <testcase name="ivalidLoginWrongPassword" time="4.935" classname="script.AddUser"/>
  <testcase name="ivalidLogin" time="4.373" classname="script.AddUser"/>
  <testcase name="ivalidLoginWrongUsername" time="4.412" classname="script.AddUser"/>
  <testcase name="invalidLoginBlankUsername" time="4.815" classname="script.AddUser"/>
  <testcase name="invalidLoginBlankPassword" time="5.794" classname="script.AddUser"/>
  <testcase name="invalidloginBlank" time="4.750" classname="script.AddUser"/>
</testsuite> <!-- script.AddUser -->
