<?xml version="1.0" encoding="UTF-8"?>
<!-- Generated by org.testng.reporters.JUnitReportReporter -->
<testsuite hostname="DESKTOP-PTMO5IP" name="script.Login" tests="1" failures="0" timestamp="13 Apr 2017 04:25:05 GMT" time="1.684" errors="0">
  <testcase name="login" time="1.684" classname="script.Login"/>
</testsuite> <!-- script.Login -->
