<?xml version="1.0" encoding="UTF-8"?>
<!-- Generated by org.testng.reporters.JUnitReportReporter -->
<testsuite hostname="DESKTOP-PTMO5IP" name="script.AddUser" tests="7" failures="0" timestamp="15 Apr 2017 05:12:05 GMT" time="33.978" errors="0">
  <testcase name="ivalidLoginWrongPassword" time="5.029" classname="script.AddUser"/>
  <testcase name="login" time="4.361" classname="script.AddUser"/>
  <testcase name="invalidloginBlank" time="4.740" classname="script.AddUser"/>
  <testcase name="invalidLoginBlankUsername" time="5.123" classname="script.AddUser"/>
  <testcase name="ivalidLogin" time="4.405" classname="script.AddUser"/>
  <testcase name="ivalidLoginWrongUsername" time="4.410" classname="script.AddUser"/>
  <testcase name="invalidLoginBlankPassword" time="5.910" classname="script.AddUser"/>
</testsuite> <!-- script.AddUser -->
